<?xml version="1.0" encoding="UTF-8"?>
<testng-results ignored="0" total="1" passed="1" failed="0" skipped="0">
  <reporter-output>
  </reporter-output>
  <suite started-at="2022-01-07T17:34:21Z" name="InetBankingV1" finished-at="2022-01-07T17:34:55Z" duration-ms="34426">
    <groups>
    </groups>
    <test started-at="2022-01-07T17:34:21Z" name="BankingApp Test" finished-at="2022-01-07T17:34:55Z" duration-ms="34426">
      <class name="com.inetbanking.testCases.TC_LoginTest_001">
        <test-method is-config="true" signature="setup(java.lang.String)[pri:0, instance:com.inetbanking.testCases.TC_LoginTest_001@68267da0]" started-at="2022-01-07T17:34:21Z" name="setup" finished-at="2022-01-07T17:34:50Z" duration-ms="28899" status="PASS">
          <params>
            <param index="0">
              <value>
                <![CDATA[chrome]]>
              </value>
            </param>
          </params>
          <reporter-output>
          </reporter-output>
        </test-method> <!-- setup -->
        <test-method signature="loginTest()[pri:0, instance:com.inetbanking.testCases.TC_LoginTest_001@68267da0]" started-at="2022-01-07T17:34:50Z" name="loginTest" finished-at="2022-01-07T17:34:54Z" duration-ms="4173" status="PASS">
          <reporter-output>
          </reporter-output>
        </test-method> <!-- loginTest -->
        <test-method is-config="true" signature="tearDown()[pri:0, instance:com.inetbanking.testCases.TC_LoginTest_001@68267da0]" started-at="2022-01-07T17:34:54Z" name="tearDown" finished-at="2022-01-07T17:34:55Z" duration-ms="889" status="PASS">
          <reporter-output>
          </reporter-output>
        </test-method> <!-- tearDown -->
      </class> <!-- com.inetbanking.testCases.TC_LoginTest_001 -->
    </test> <!-- BankingApp Test -->
  </suite> <!-- InetBankingV1 -->
</testng-results>
